INFO:root:

Commencing Send-Off @ 2009-07-04 04:44:01.201694
INFO:root:User xkenneth@gmail.com is active!
INFO:root:Sending xkenneth@gmail.com an email!
INFO:root:User bob@bob.com is not currently active.
INFO:root:User nicholas.maxwell@gmail.com is active!
INFO:root:Sending nicholas.maxwell@gmail.com an email!
INFO:root:

Commencing Send-Off @ 2009-07-05 00:00:03.231486
INFO:root:User xkenneth@gmail.com is active!
INFO:root:Sending xkenneth@gmail.com an email!
INFO:root:User nicholas.maxwell@gmail.com is active!
INFO:root:Sending nicholas.maxwell@gmail.com an email!
INFO:root:

Commencing Send-Off @ 2009-07-12 00:00:02.624444
INFO:root:User xkenneth@gmail.com is active!
INFO:root:Sending xkenneth@gmail.com an email!
INFO:root:User nicholas.maxwell@gmail.com is active!
INFO:root:Sending nicholas.maxwell@gmail.com an email!
INFO:root:User ken@erdosmiller.com is active!
INFO:root:Sending ken@erdosmiller.com an email!
INFO:root:

Commencing Send-Off @ 2009-07-19 00:00:02.013151
INFO:root:User xkenneth@gmail.com is active!
INFO:root:Sending xkenneth@gmail.com an email!
INFO:root:User nicholas.maxwell@gmail.com is active!
INFO:root:Sending nicholas.maxwell@gmail.com an email!
INFO:root:User ken@erdosmiller.com is active!
INFO:root:Sending ken@erdosmiller.com an email!
INFO:root:

Commencing Send-Off @ 2009-07-20 03:00:46.646807
INFO:root:User xkenneth@gmail.com is active!
INFO:root:User nicholas.maxwell@gmail.com is active!
INFO:root:User ken@erdosmiller.com is active!
INFO:root:

Commencing Send-Off @ 2009-07-20 03:15:26.688957
INFO:root:User xkenneth@gmail.com is active!
INFO:root:User nicholas.maxwell@gmail.com is active!
INFO:root:User ken@erdosmiller.com is active!
INFO:root:

Commencing Send-Off @ 2009-07-20 03:15:36.589521
INFO:root:User xkenneth@gmail.com is active!
INFO:root:User nicholas.maxwell@gmail.com is active!
INFO:root:User ken@erdosmiller.com is active!
